HealthZone/app/manifest-merger-release-report.txt
-- Merging decision tree log ---
manifest
ADDED from AndroidManifest.xml:2:1
	package
		ADDED from AndroidManifest.xml:3:5
		INJECTED from AndroidManifest.xml:0:0
		INJECTED from AndroidManifest.xml:0:0
	android:versionName
		INJECTED from AndroidManifest.xml:0:0
		INJECTED from AndroidManifest.xml:0:0
	xmlns:android
		ADDED from AndroidManifest.xml:2:11
	android:versionCode
		INJECTED from AndroidManifest.xml:0:0
		INJECTED from AndroidManifest.xml:0:0
uses-permission#com.android.alarm.permission.SET_ALARM
ADDED from AndroidManifest.xml:4:5
	android:name
		ADDED from AndroidManifest.xml:4:22
uses-permission#android.permission.SEND_SMS
ADDED from AndroidManifest.xml:5:5
	android:name
		ADDED from AndroidManifest.xml:5:22
uses-permission#android.permission.RECEIVE_SMS
ADDED from AndroidManifest.xml:6:5
	android:name
		ADDED from AndroidManifest.xml:6:22
application
ADDED from AndroidManifest.xml:7:5
MERGED from com.android.support:appcompat-v7:25.0.0:25:5
MERGED from com.android.support:support-v4:25.0.0:25:5
MERGED from com.android.support:support-compat:25.0.0:25:5
MERGED from com.android.support:support-media-compat:25.0.0:25:5
MERGED from com.android.support:support-compat:25.0.0:25:5
MERGED from com.android.support:support-core-utils:25.0.0:25:5
MERGED from com.android.support:support-compat:25.0.0:25:5
MERGED from com.android.support:support-core-ui:25.0.0:25:5
MERGED from com.android.support:support-compat:25.0.0:25:5
MERGED from com.android.support:support-fragment:25.0.0:25:5
MERGED from com.android.support:support-compat:25.0.0:25:5
MERGED from com.android.support:support-media-compat:25.0.0:25:5
MERGED from com.android.support:support-compat:25.0.0:25:5
MERGED from com.android.support:support-core-ui:25.0.0:25:5
MERGED from com.android.support:support-compat:25.0.0:25:5
MERGED from com.android.support:support-core-utils:25.0.0:25:5
MERGED from com.android.support:support-compat:25.0.0:25:5
MERGED from com.android.support:support-vector-drawable:25.0.0:23:5
MERGED from com.android.support:support-compat:25.0.0:25:5
MERGED from com.android.support:animated-vector-drawable:25.0.0:22:5
MERGED from com.android.support:support-vector-drawable:25.0.0:23:5
MERGED from com.android.support:support-compat:25.0.0:25:5
MERGED from com.android.support:design:24.0.0:22:5
MERGED from com.android.support:support-v4:25.0.0:25:5
MERGED from com.android.support:support-compat:25.0.0:25:5
MERGED from com.android.support:support-media-compat:25.0.0:25:5
MERGED from com.android.support:support-compat:25.0.0:25:5
MERGED from com.android.support:support-core-utils:25.0.0:25:5
MERGED from com.android.support:support-compat:25.0.0:25:5
MERGED from com.android.support:support-core-ui:25.0.0:25:5
MERGED from com.android.support:support-compat:25.0.0:25:5
MERGED from com.android.support:support-fragment:25.0.0:25:5
MERGED from com.android.support:support-compat:25.0.0:25:5
MERGED from com.android.support:support-media-compat:25.0.0:25:5
MERGED from com.android.support:support-compat:25.0.0:25:5
MERGED from com.android.support:support-core-ui:25.0.0:25:5
MERGED from com.android.support:support-compat:25.0.0:25:5
MERGED from com.android.support:support-core-utils:25.0.0:25:5
MERGED from com.android.support:support-compat:25.0.0:25:5
MERGED from com.android.support:support-v4:25.0.0:25:5
MERGED from com.android.support:support-compat:25.0.0:25:5
MERGED from com.android.support:support-media-compat:25.0.0:25:5
MERGED from com.android.support:support-compat:25.0.0:25:5
MERGED from com.android.support:support-core-utils:25.0.0:25:5
MERGED from com.android.support:support-compat:25.0.0:25:5
MERGED from com.android.support:support-core-ui:25.0.0:25:5
MERGED from com.android.support:support-compat:25.0.0:25:5
MERGED from com.android.support:support-fragment:25.0.0:25:5
MERGED from com.android.support:support-compat:25.0.0:25:5
MERGED from com.android.support:support-media-compat:25.0.0:25:5
MERGED from com.android.support:support-compat:25.0.0:25:5
MERGED from com.android.support:support-core-ui:25.0.0:25:5
MERGED from com.android.support:support-compat:25.0.0:25:5
MERGED from com.android.support:support-core-utils:25.0.0:25:5
MERGED from com.android.support:support-compat:25.0.0:25:5
MERGED from com.android.support:appcompat-v7:25.0.0:25:5
MERGED from com.android.support:support-v4:25.0.0:25:5
MERGED from com.android.support:support-compat:25.0.0:25:5
MERGED from com.android.support:support-media-compat:25.0.0:25:5
MERGED from com.android.support:support-compat:25.0.0:25:5
MERGED from com.android.support:support-core-utils:25.0.0:25:5
MERGED from com.android.support:support-compat:25.0.0:25:5
MERGED from com.android.support:support-core-ui:25.0.0:25:5
MERGED from com.android.support:support-compat:25.0.0:25:5
MERGED from com.android.support:support-fragment:25.0.0:25:5
MERGED from com.android.support:support-compat:25.0.0:25:5
MERGED from com.android.support:support-media-compat:25.0.0:25:5
MERGED from com.android.support:support-compat:25.0.0:25:5
MERGED from com.android.support:support-core-ui:25.0.0:25:5
MERGED from com.android.support:support-compat:25.0.0:25:5
MERGED from com.android.support:support-core-utils:25.0.0:25:5
MERGED from com.android.support:support-compat:25.0.0:25:5
MERGED from com.android.support:support-vector-drawable:25.0.0:23:5
MERGED from com.android.support:support-compat:25.0.0:25:5
MERGED from com.android.support:animated-vector-drawable:25.0.0:22:5
MERGED from com.android.support:support-vector-drawable:25.0.0:23:5
MERGED from com.android.support:support-compat:25.0.0:25:5
MERGED from com.android.support:support-v4:25.0.0:25:5
MERGED from com.android.support:support-compat:25.0.0:25:5
MERGED from com.android.support:support-media-compat:25.0.0:25:5
MERGED from com.android.support:support-compat:25.0.0:25:5
MERGED from com.android.support:support-core-utils:25.0.0:25:5
MERGED from com.android.support:support-compat:25.0.0:25:5
MERGED from com.android.support:support-core-ui:25.0.0:25:5
MERGED from com.android.support:support-compat:25.0.0:25:5
MERGED from com.android.support:support-fragment:25.0.0:25:5
MERGED from com.android.support:support-compat:25.0.0:25:5
MERGED from com.android.support:support-media-compat:25.0.0:25:5
MERGED from com.android.support:support-compat:25.0.0:25:5
MERGED from com.android.support:support-core-ui:25.0.0:25:5
MERGED from com.android.support:support-compat:25.0.0:25:5
MERGED from com.android.support:support-core-utils:25.0.0:25:5
MERGED from com.android.support:support-compat:25.0.0:25:5
MERGED from com.android.support:support-v13:25.0.0:25:5
MERGED from com.android.support:support-v4:25.0.0:25:5
MERGED from com.android.support:support-compat:25.0.0:25:5
MERGED from com.android.support:support-media-compat:25.0.0:25:5
MERGED from com.android.support:support-compat:25.0.0:25:5
MERGED from com.android.support:support-core-utils:25.0.0:25:5
MERGED from com.android.support:support-compat:25.0.0:25:5
MERGED from com.android.support:support-core-ui:25.0.0:25:5
MERGED from com.android.support:support-compat:25.0.0:25:5
MERGED from com.android.support:support-fragment:25.0.0:25:5
MERGED from com.android.support:support-compat:25.0.0:25:5
MERGED from com.android.support:support-media-compat:25.0.0:25:5
MERGED from com.android.support:support-compat:25.0.0:25:5
MERGED from com.android.support:support-core-ui:25.0.0:25:5
MERGED from com.android.support:support-compat:25.0.0:25:5
MERGED from com.android.support:support-core-utils:25.0.0:25:5
MERGED from com.android.support:support-compat:25.0.0:25:5
	android:label
		ADDED from AndroidManifest.xml:10:9
	android:allowBackup
		ADDED from AndroidManifest.xml:8:9
	android:icon
		ADDED from AndroidManifest.xml:9:9
	android:theme
		ADDED from AndroidManifest.xml:11:9
activity#healthzone.com.example.kuldeep.healthzone.MainActivity
ADDED from AndroidManifest.xml:24:9
	android:label
		ADDED from AndroidManifest.xml:26:13
	android:name
		ADDED from AndroidManifest.xml:25:13
intent-filter#android.intent.action.MAIN+android.intent.category.LAUNCHER
ADDED from AndroidManifest.xml:27:13
action#android.intent.action.MAIN
ADDED from AndroidManifest.xml:28:17
	android:name
		ADDED from AndroidManifest.xml:28:25
category#android.intent.category.LAUNCHER
ADDED from AndroidManifest.xml:29:17
	android:name
		ADDED from AndroidManifest.xml:29:27
activity#healthzone.com.example.kuldeep.healthzone.FirstAction
ADDED from AndroidManifest.xml:33:9
	android:name
		ADDED from AndroidManifest.xml:34:13
activity#healthzone.com.example.kuldeep.healthzone.Login
ADDED from AndroidManifest.xml:37:9
	android:theme
		ADDED from AndroidManifest.xml:39:13
	android:name
		ADDED from AndroidManifest.xml:38:13
activity#healthzone.com.example.kuldeep.healthzone.Signup
ADDED from AndroidManifest.xml:40:9
	android:theme
		ADDED from AndroidManifest.xml:42:13
	android:name
		ADDED from AndroidManifest.xml:41:13
activity#healthzone.com.example.kuldeep.healthzone.RegisterChoice
ADDED from AndroidManifest.xml:43:9
	android:theme
		ADDED from AndroidManifest.xml:45:13
	android:name
		ADDED from AndroidManifest.xml:44:13
activity#healthzone.com.example.kuldeep.healthzone.UserDetail
ADDED from AndroidManifest.xml:46:9
	android:label
		ADDED from AndroidManifest.xml:48:13
	android:theme
		ADDED from AndroidManifest.xml:49:13
	android:name
		ADDED from AndroidManifest.xml:47:13
activity#healthzone.com.example.kuldeep.healthzone.Chart
ADDED from AndroidManifest.xml:51:9
	android:label
		ADDED from AndroidManifest.xml:53:13
	android:name
		ADDED from AndroidManifest.xml:52:13
activity#healthzone.com.example.kuldeep.healthzone.ChartDays
ADDED from AndroidManifest.xml:55:9
	android:label
		ADDED from AndroidManifest.xml:57:13
	android:name
		ADDED from AndroidManifest.xml:56:13
activity#healthzone.com.example.kuldeep.healthzone.HealthCare
ADDED from AndroidManifest.xml:59:9
	android:label
		ADDED from AndroidManifest.xml:61:13
	android:theme
		ADDED from AndroidManifest.xml:62:13
	android:name
		ADDED from AndroidManifest.xml:60:13
activity#healthzone.com.example.kuldeep.healthzone.HealthCareImages
ADDED from AndroidManifest.xml:64:9
	android:label
		ADDED from AndroidManifest.xml:66:13
	android:name
		ADDED from AndroidManifest.xml:65:13
activity#healthzone.com.example.kuldeep.healthzone.CareMenu
ADDED from AndroidManifest.xml:68:9
	android:label
		ADDED from AndroidManifest.xml:70:13
	android:name
		ADDED from AndroidManifest.xml:69:13
activity#healthzone.com.example.kuldeep.healthzone.Yoga
ADDED from AndroidManifest.xml:72:9
	android:label
		ADDED from AndroidManifest.xml:74:13
	android:name
		ADDED from AndroidManifest.xml:73:13
activity#healthzone.com.example.kuldeep.healthzone.Guideline
ADDED from AndroidManifest.xml:76:9
	android:label
		ADDED from AndroidManifest.xml:78:13
	android:name
		ADDED from AndroidManifest.xml:77:13
activity#healthzone.com.example.kuldeep.healthzone.YogaImage
ADDED from AndroidManifest.xml:80:9
	android:label
		ADDED from AndroidManifest.xml:82:13
	android:name
		ADDED from AndroidManifest.xml:81:13
activity#healthzone.com.example.kuldeep.healthzone.EatingReminder
ADDED from AndroidManifest.xml:84:9
	android:label
		ADDED from AndroidManifest.xml:86:13
	android:name
		ADDED from AndroidManifest.xml:85:13
activity#healthzone.com.example.kuldeep.healthzone.ExerciseReminder
ADDED from AndroidManifest.xml:88:9
	android:label
		ADDED from AndroidManifest.xml:90:13
	android:name
		ADDED from AndroidManifest.xml:89:13
activity#healthzone.com.example.kuldeep.healthzone.WalkingReminder
ADDED from AndroidManifest.xml:92:9
	android:label
		ADDED from AndroidManifest.xml:94:13
	android:name
		ADDED from AndroidManifest.xml:93:13
activity#healthzone.com.example.kuldeep.healthzone.ChartDemoFragment
ADDED from AndroidManifest.xml:100:9
	android:label
		ADDED from AndroidManifest.xml:102:13
	android:name
		ADDED from AndroidManifest.xml:101:13
activity#healthzone.com.example.kuldeep.healthzone.Breakfast
ADDED from AndroidManifest.xml:104:9
	android:label
		ADDED from AndroidManifest.xml:106:13
	android:name
		ADDED from AndroidManifest.xml:105:13
activity#healthzone.com.example.kuldeep.healthzone.Lunch
ADDED from AndroidManifest.xml:108:9
	android:label
		ADDED from AndroidManifest.xml:110:13
	android:name
		ADDED from AndroidManifest.xml:109:13
activity#healthzone.com.example.kuldeep.healthzone.Snacks
ADDED from AndroidManifest.xml:112:9
	android:label
		ADDED from AndroidManifest.xml:114:13
	android:name
		ADDED from AndroidManifest.xml:113:13
activity#healthzone.com.example.kuldeep.healthzone.Dinner
ADDED from AndroidManifest.xml:116:9
	android:label
		ADDED from AndroidManifest.xml:118:13
	android:name
		ADDED from AndroidManifest.xml:117:13
activity#healthzone.com.example.kuldeep.healthzone.Exercise
ADDED from AndroidManifest.xml:120:9
	android:label
		ADDED from AndroidManifest.xml:122:13
	android:name
		ADDED from AndroidManifest.xml:121:13
activity#healthzone.com.example.kuldeep.healthzone.YogaNew
ADDED from AndroidManifest.xml:124:9
	android:label
		ADDED from AndroidManifest.xml:126:13
	android:name
		ADDED from AndroidManifest.xml:125:13
activity#healthzone.com.example.kuldeep.healthzone.DiseaseNew
ADDED from AndroidManifest.xml:128:9
	android:label
		ADDED from AndroidManifest.xml:130:13
	android:name
		ADDED from AndroidManifest.xml:129:13
receiver#healthzone.com.example.kuldeep.healthzone.DailyNotification
ADDED from AndroidManifest.xml:132:9
	android:name
		ADDED from AndroidManifest.xml:132:19
uses-sdk
INJECTED from AndroidManifest.xml:0:0 reason: use-sdk injection requested
MERGED from com.android.support:appcompat-v7:25.0.0:21:5
MERGED from com.android.support:support-v4:25.0.0:21:5
MERGED from com.android.support:support-compat:25.0.0:21:5
MERGED from com.android.support:support-media-compat:25.0.0:21:5
MERGED from com.android.support:support-compat:25.0.0:21:5
MERGED from com.android.support:support-core-utils:25.0.0:21:5
MERGED from com.android.support:support-compat:25.0.0:21:5
MERGED from com.android.support:support-core-ui:25.0.0:21:5
MERGED from com.android.support:support-compat:25.0.0:21:5
MERGED from com.android.support:support-fragment:25.0.0:21:5
MERGED from com.android.support:support-compat:25.0.0:21:5
MERGED from com.android.support:support-media-compat:25.0.0:21:5
MERGED from com.android.support:support-compat:25.0.0:21:5
MERGED from com.android.support:support-core-ui:25.0.0:21:5
MERGED from com.android.support:support-compat:25.0.0:21:5
MERGED from com.android.support:support-core-utils:25.0.0:21:5
MERGED from com.android.support:support-compat:25.0.0:21:5
MERGED from com.android.support:support-vector-drawable:25.0.0:21:5
MERGED from com.android.support:support-compat:25.0.0:21:5
MERGED from com.android.support:animated-vector-drawable:25.0.0:20:5
MERGED from com.android.support:support-vector-drawable:25.0.0:21:5
MERGED from com.android.support:support-compat:25.0.0:21:5
MERGED from com.android.support:design:24.0.0:20:5
MERGED from com.android.support:support-v4:25.0.0:21:5
MERGED from com.android.support:support-compat:25.0.0:21:5
MERGED from com.android.support:support-media-compat:25.0.0:21:5
MERGED from com.android.support:support-compat:25.0.0:21:5
MERGED from com.android.support:support-core-utils:25.0.0:21:5
MERGED from com.android.support:support-compat:25.0.0:21:5
MERGED from com.android.support:support-core-ui:25.0.0:21:5
MERGED from com.android.support:support-compat:25.0.0:21:5
MERGED from com.android.support:support-fragment:25.0.0:21:5
MERGED from com.android.support:support-compat:25.0.0:21:5
MERGED from com.android.support:support-media-compat:25.0.0:21:5
MERGED from com.android.support:support-compat:25.0.0:21:5
MERGED from com.android.support:support-core-ui:25.0.0:21:5
MERGED from com.android.support:support-compat:25.0.0:21:5
MERGED from com.android.support:support-core-utils:25.0.0:21:5
MERGED from com.android.support:support-compat:25.0.0:21:5
MERGED from com.android.support:recyclerview-v7:24.0.0:20:5
MERGED from com.android.support:support-v4:25.0.0:21:5
MERGED from com.android.support:support-compat:25.0.0:21:5
MERGED from com.android.support:support-media-compat:25.0.0:21:5
MERGED from com.android.support:support-compat:25.0.0:21:5
MERGED from com.android.support:support-core-utils:25.0.0:21:5
MERGED from com.android.support:support-compat:25.0.0:21:5
MERGED from com.android.support:support-core-ui:25.0.0:21:5
MERGED from com.android.support:support-compat:25.0.0:21:5
MERGED from com.android.support:support-fragment:25.0.0:21:5
MERGED from com.android.support:support-compat:25.0.0:21:5
MERGED from com.android.support:support-media-compat:25.0.0:21:5
MERGED from com.android.support:support-compat:25.0.0:21:5
MERGED from com.android.support:support-core-ui:25.0.0:21:5
MERGED from com.android.support:support-compat:25.0.0:21:5
MERGED from com.android.support:support-core-utils:25.0.0:21:5
MERGED from com.android.support:support-compat:25.0.0:21:5
MERGED from com.android.support:appcompat-v7:25.0.0:21:5
MERGED from com.android.support:support-v4:25.0.0:21:5
MERGED from com.android.support:support-compat:25.0.0:21:5
MERGED from com.android.support:support-media-compat:25.0.0:21:5
MERGED from com.android.support:support-compat:25.0.0:21:5
MERGED from com.android.support:support-core-utils:25.0.0:21:5
MERGED from com.android.support:support-compat:25.0.0:21:5
MERGED from com.android.support:support-core-ui:25.0.0:21:5
MERGED from com.android.support:support-compat:25.0.0:21:5
MERGED from com.android.support:support-fragment:25.0.0:21:5
MERGED from com.android.support:support-compat:25.0.0:21:5
MERGED from com.android.support:support-media-compat:25.0.0:21:5
MERGED from com.android.support:support-compat:25.0.0:21:5
MERGED from com.android.support:support-core-ui:25.0.0:21:5
MERGED from com.android.support:support-compat:25.0.0:21:5
MERGED from com.android.support:support-core-utils:25.0.0:21:5
MERGED from com.android.support:support-compat:25.0.0:21:5
MERGED from com.android.support:support-vector-drawable:25.0.0:21:5
MERGED from com.android.support:support-compat:25.0.0:21:5
MERGED from com.android.support:animated-vector-drawable:25.0.0:20:5
MERGED from com.android.support:support-vector-drawable:25.0.0:21:5
MERGED from com.android.support:support-compat:25.0.0:21:5
MERGED from com.android.support:support-v4:25.0.0:21:5
MERGED from com.android.support:support-compat:25.0.0:21:5
MERGED from com.android.support:support-media-compat:25.0.0:21:5
MERGED from com.android.support:support-compat:25.0.0:21:5
MERGED from com.android.support:support-core-utils:25.0.0:21:5
MERGED from com.android.support:support-compat:25.0.0:21:5
MERGED from com.android.support:support-core-ui:25.0.0:21:5
MERGED from com.android.support:support-compat:25.0.0:21:5
MERGED from com.android.support:support-fragment:25.0.0:21:5
MERGED from com.android.support:support-compat:25.0.0:21:5
MERGED from com.android.support:support-media-compat:25.0.0:21:5
MERGED from com.android.support:support-compat:25.0.0:21:5
MERGED from com.android.support:support-core-ui:25.0.0:21:5
MERGED from com.android.support:support-compat:25.0.0:21:5
MERGED from com.android.support:support-core-utils:25.0.0:21:5
MERGED from com.android.support:support-compat:25.0.0:21:5
MERGED from com.android.support:support-v13:25.0.0:21:5
MERGED from com.android.support:support-v4:25.0.0:21:5
MERGED from com.android.support:support-compat:25.0.0:21:5
MERGED from com.android.support:support-media-compat:25.0.0:21:5
MERGED from com.android.support:support-compat:25.0.0:21:5
MERGED from com.android.support:support-core-utils:25.0.0:21:5
MERGED from com.android.support:support-compat:25.0.0:21:5
MERGED from com.android.support:support-core-ui:25.0.0:21:5
MERGED from com.android.support:support-compat:25.0.0:21:5
MERGED from com.android.support:support-fragment:25.0.0:21:5
MERGED from com.android.support:support-compat:25.0.0:21:5
MERGED from com.android.support:support-media-compat:25.0.0:21:5
MERGED from com.android.support:support-compat:25.0.0:21:5
MERGED from com.android.support:support-core-ui:25.0.0:21:5
MERGED from com.android.support:support-compat:25.0.0:21:5
MERGED from com.android.support:support-core-utils:25.0.0:21:5
MERGED from com.android.support:support-compat:25.0.0:21:5
	tools:overrideLibrary
		ADDED from com.android.support:appcompat-v7:25.0.0:23:9
	android:targetSdkVersion
		INJECTED from AndroidManifest.xml:0:0
		INJECTED from AndroidManifest.xml:0:0
	android:minSdkVersion
		INJECTED from AndroidManifest.xml:0:0
		INJECTED from AndroidManifest.xml:0:0